<?xml version="1.0" encoding="UTF-8"?>
<!-- Generated by org.testng.reporters.JUnitXMLReporter -->
<testsuite ignored="0" hostname="DESKTOP-AGV8FAU" failures="0" tests="4" name="Login Page Test - ch - 89" time="10.128" errors="0" timestamp="17 Aug 2022 06:41:49 GMT">
  <testcase classname="com.test.testcases.LoginPageTest" name="loginPageTitleTest" time="0.158"/>
  <testcase classname="com.test.testcases.LoginPageTest" name="loginPageUrlTest" time="0.02"/>
  <testcase classname="com.test.testcases.LoginPageTest" name="forgotPwdLinkTest" time="0.09"/>
  <testcase classname="com.test.testcases.LoginPageTest" name="registerLinkTest" time="0.07"/>
</testsuite> <!-- Login Page Test - ch - 89 -->
