<?xml version="1.0" encoding="UTF-8"?>
<!-- Generated by org.testng.reporters.JUnitXMLReporter -->
<testsuite ignored="0" hostname="DESKTOP-AGV8FAU" failures="0" tests="4" name="Login Page Test run on -opera browser - version 86" time="68.703" errors="0" timestamp="19 Aug 2022 06:05:21 GMT">
  <testcase classname="com.test.testcases.LoginPageTest" name="loginPageTitleTest" time="10.098"/>
  <testcase classname="com.test.testcases.LoginPageTest" name="loginPageUrlTest" time="10.054"/>
  <testcase classname="com.test.testcases.LoginPageTest" name="forgotPwdLinkTest" time="10.144"/>
  <testcase classname="com.test.testcases.LoginPageTest" name="registerLinkTest" time="20.149"/>
</testsuite> <!-- Login Page Test run on -opera browser - version 86 -->
