<?xml version="1.0" encoding="UTF-8"?>
<!-- Generated by org.testng.reporters.JUnitXMLReporter -->
<testsuite ignored="0" hostname="DESKTOP-AGV8FAU" failures="0" tests="4" name="Login Page Test run on the- chrome browser -Version 102" time="117.272" errors="0" timestamp="19 Aug 2022 06:06:10 GMT">
  <testcase classname="com.test.testcases.LoginPageTest" name="loginPageTitleTest" time="10.077"/>
  <testcase classname="com.test.testcases.LoginPageTest" name="loginPageUrlTest" time="10.057"/>
  <testcase classname="com.test.testcases.LoginPageTest" name="forgotPwdLinkTest" time="10.164"/>
  <testcase classname="com.test.testcases.LoginPageTest" name="registerLinkTest" time="20.161"/>
</testsuite> <!-- Login Page Test run on the- chrome browser -Version 102 -->
