<?xml version="1.0" encoding="UTF-8"?>
<!-- Generated by org.testng.reporters.JUnitXMLReporter -->
<testsuite ignored="0" hostname="DESKTOP-AGV8FAU" failures="0" tests="4" name="Login Page Test run on the- chrome browser -Version 103" time="64.618" errors="0" timestamp="19 Aug 2022 06:05:17 GMT">
  <testcase classname="com.test.testcases.LoginPageTest" name="loginPageTitleTest" time="10.259"/>
  <testcase classname="com.test.testcases.LoginPageTest" name="loginPageUrlTest" time="10.044"/>
  <testcase classname="com.test.testcases.LoginPageTest" name="forgotPwdLinkTest" time="10.225"/>
  <testcase classname="com.test.testcases.LoginPageTest" name="registerLinkTest" time="20.138"/>
</testsuite> <!-- Login Page Test run on the- chrome browser -Version 103 -->
