<?xml version="1.0" encoding="UTF-8"?>
<!-- Generated by org.testng.reporters.JUnitXMLReporter -->
<testsuite ignored="0" hostname="DESKTOP-AGV8FAU" failures="0" tests="4" name="Login Page Test on the- ch browser - 89" time="28.961" errors="0" timestamp="17 Aug 2022 09:04:30 GMT">
  <testcase classname="com.test.testcases.LoginPageTest" name="loginPageTitleTest" time="1.273"/>
  <testcase classname="com.test.testcases.LoginPageTest" name="loginPageUrlTest" time="2.087"/>
  <testcase classname="com.test.testcases.LoginPageTest" name="forgotPwdLinkTest" time="3.27"/>
  <testcase classname="com.test.testcases.LoginPageTest" name="registerLinkTest" time="4.149"/>
</testsuite> <!-- Login Page Test on the- ch browser - 89 -->
