<?xml version="1.0" encoding="UTF-8"?>
<!-- Generated by org.testng.reporters.JUnitXMLReporter -->
<testsuite ignored="0" hostname="DESKTOP-AGV8FAU" failures="0" tests="4" name="Login Page Test run on -ff browser - version 102" time="70.67" errors="0" timestamp="19 Aug 2022 06:05:23 GMT">
  <testcase classname="com.test.testcases.LoginPageTest" name="loginPageTitleTest" time="10.085"/>
  <testcase classname="com.test.testcases.LoginPageTest" name="loginPageUrlTest" time="10.053"/>
  <testcase classname="com.test.testcases.LoginPageTest" name="forgotPwdLinkTest" time="10.24"/>
  <testcase classname="com.test.testcases.LoginPageTest" name="registerLinkTest" time="20.176"/>
</testsuite> <!-- Login Page Test run on -ff browser - version 102 -->
