<?xml version="1.0" encoding="UTF-8"?>
<!-- Generated by org.testng.reporters.JUnitXMLReporter -->
<testsuite ignored="0" hostname="DESKTOP-AGV8FAU" failures="0" tests="4" name="Test Login Page Test on - ch browser - 90" time="28.965" errors="0" timestamp="17 Aug 2022 09:04:30 GMT">
  <testcase classname="com.test.testcases.LoginPageTest" name="loginPageTitleTest" time="1.273"/>
  <testcase classname="com.test.testcases.LoginPageTest" name="loginPageUrlTest" time="2.076"/>
  <testcase classname="com.test.testcases.LoginPageTest" name="forgotPwdLinkTest" time="3.284"/>
  <testcase classname="com.test.testcases.LoginPageTest" name="registerLinkTest" time="4.16"/>
</testsuite> <!-- Test Login Page Test on - ch browser - 90 -->
